<?xml version="1.0" encoding="UTF-8"?>
<!-- Generated by org.testng.reporters.JUnitXMLReporter -->
<testsuite hostname="Dell" ignored="0" name="Default test" tests="3" failures="0" timestamp="27 Jun 2018 10:39:09 GMT" time="130.298" errors="0">
  <testcase name="verifyHomePageTitle" time="0.022" classname="com.crm.qa.testcases.HomePageTestcase"/>
  <testcase name="verifyUserName" time="0.093" classname="com.crm.qa.testcases.HomePageTestcase"/>
  <testcase name="verifyClickContactLink" time="2.616" classname="com.crm.qa.testcases.HomePageTestcase"/>
</testsuite> <!-- Default test -->
