<?xml version="1.0" encoding="UTF-8"?>
<!-- Generated by org.testng.reporters.JUnitXMLReporter -->
<testsuite hostname="Dell" ignored="0" name="Test" tests="12" failures="0" timestamp="27 Jun 2018 11:38:30 GMT" time="819.245" errors="0">
  <testcase name="crmTitleTest" time="0.075" classname="com.crm.qa.testcases.LoginTestCase"/>
  <testcase name="verifyHomePageTitle" time="0.014" classname="com.crm.qa.testcases.HomePageTestcase"/>
  <testcase name="verifyContactLabelTest" time="0.043" classname="com.crm.qa.testcases.ContactsPageTest"/>
  <testcase name="loginTitleTest" time="0.021" classname="com.crm.qa.testcases.LoginTestCase"/>
  <testcase name="verifyUserName" time="0.094" classname="com.crm.qa.testcases.HomePageTestcase"/>
  <testcase name="clickOnSelectedContact" time="0.168" classname="com.crm.qa.testcases.ContactsPageTest"/>
  <testcase name="loginTest" time="23.907" classname="com.crm.qa.testcases.LoginTestCase"/>
  <testcase name="verifyClickContactLink" time="5.851" classname="com.crm.qa.testcases.HomePageTestcase"/>
  <testcase name="verifyCreateNewContact" time="21.786" classname="com.crm.qa.testcases.ContactsPageTest"/>
  <testcase name="verifyCreateNewContact" time="15.63" classname="com.crm.qa.testcases.ContactsPageTest"/>
  <testcase name="verifyCreateNewContact" time="8.911" classname="com.crm.qa.testcases.ContactsPageTest"/>
  <testcase name="verifyCreateNewContact" time="11.389" classname="com.crm.qa.testcases.ContactsPageTest"/>
</testsuite> <!-- Test -->
