<?xml version="1.0" encoding="UTF-8"?>
<!-- Generated by org.testng.reporters.JUnitXMLReporter -->
<testsuite hostname="Dell" name="Command line test" tests="9" failures="0" timestamp="27 Jun 2018 11:44:54 GMT" time="196.057" errors="0">
  <testcase name="verifyContactLabelTest" time="0.044" classname="com.crm.qa.testcases.ContactsPageTest"/>
  <testcase name="crmTitleTest" time="0.075" classname="com.crm.qa.testcases.LoginTestCase"/>
  <testcase name="clickOnSelectedContact" time="0.128" classname="com.crm.qa.testcases.ContactsPageTest"/>
  <testcase name="loginTitleTest" time="0.065" classname="com.crm.qa.testcases.LoginTestCase"/>
  <testcase name="verifyCreateNewContact" time="4.623" classname="com.crm.qa.testcases.ContactsPageTest"/>
  <testcase name="verifyCreateNewContact" time="4.263" classname="com.crm.qa.testcases.ContactsPageTest"/>
  <testcase name="verifyCreateNewContact" time="6.373" classname="com.crm.qa.testcases.ContactsPageTest"/>
  <testcase name="verifyCreateNewContact" time="4.216" classname="com.crm.qa.testcases.ContactsPageTest"/>
  <testcase name="loginTest" time="5.48" classname="com.crm.qa.testcases.LoginTestCase"/>
</testsuite> <!-- Command line test -->
