<?xml version="1.0" encoding="UTF-8"?>
<testng-results skipped="0" failed="0" total="9" passed="9">
  <reporter-output>
  </reporter-output>
  <suite name="Command line suite" duration-ms="196057" started-at="2018-06-27T11:41:38Z" finished-at="2018-06-27T11:44:54Z">
    <groups>
    </groups>
    <test name="Command line test" duration-ms="196057" started-at="2018-06-27T11:41:38Z" finished-at="2018-06-27T11:44:54Z">
      <class name="com.crm.qa.testcases.ContactsPageTest">
        <test-method status="PASS" signature="setup()[pri:0, instance:com.crm.qa.testcases.ContactsPageTest@3f2a3a5]" name="setup" is-config="true" duration-ms="20290" started-at="2018-06-27T17:11:38Z" finished-at="2018-06-27T17:11:58Z">
          <reporter-output>
          </reporter-output>
        </test-method> <!-- setup -->
        <test-method status="PASS" signature="verifyContactLabelTest()[pri:1, instance:com.crm.qa.testcases.ContactsPageTest@3f2a3a5]" name="verifyContactLabelTest" duration-ms="44" started-at="2018-06-27T17:11:58Z" finished-at="2018-06-27T17:11:58Z">
          <reporter-output>
          </reporter-output>
        </test-method> <!-- verifyContactLabelTest -->
        <test-method status="PASS" signature="tearDown()[pri:0, instance:com.crm.qa.testcases.ContactsPageTest@3f2a3a5]" name="tearDown" is-config="true" duration-ms="754" started-at="2018-06-27T17:11:58Z" finished-at="2018-06-27T17:11:59Z">
          <reporter-output>
          </reporter-output>
        </test-method> <!-- tearDown -->
        <test-method status="PASS" signature="setup()[pri:0, instance:com.crm.qa.testcases.ContactsPageTest@3f2a3a5]" name="setup" is-config="true" duration-ms="17656" started-at="2018-06-27T17:12:11Z" finished-at="2018-06-27T17:12:29Z">
          <reporter-output>
          </reporter-output>
        </test-method> <!-- setup -->
        <test-method status="PASS" signature="clickOnSelectedContact()[pri:2, instance:com.crm.qa.testcases.ContactsPageTest@3f2a3a5]" name="clickOnSelectedContact" duration-ms="128" started-at="2018-06-27T17:12:29Z" finished-at="2018-06-27T17:12:29Z">
          <reporter-output>
          </reporter-output>
        </test-method> <!-- clickOnSelectedContact -->
        <test-method status="PASS" signature="tearDown()[pri:0, instance:com.crm.qa.testcases.ContactsPageTest@3f2a3a5]" name="tearDown" is-config="true" duration-ms="714" started-at="2018-06-27T17:12:29Z" finished-at="2018-06-27T17:12:30Z">
          <reporter-output>
          </reporter-output>
        </test-method> <!-- tearDown -->
        <test-method status="PASS" signature="setup()[pri:0, instance:com.crm.qa.testcases.ContactsPageTest@3f2a3a5]" name="setup" is-config="true" duration-ms="19951" started-at="2018-06-27T17:12:43Z" finished-at="2018-06-27T17:13:03Z">
          <reporter-output>
          </reporter-output>
        </test-method> <!-- setup -->
        <test-method status="PASS" signature="verifyCreateNewContact(java.lang.String, java.lang.String, java.lang.String, java.lang.String)[pri:3, instance:com.crm.qa.testcases.ContactsPageTest@3f2a3a5]" name="verifyCreateNewContact" duration-ms="4623" started-at="2018-06-27T17:13:03Z" data-provider="getCRMTestData" finished-at="2018-06-27T17:13:08Z">
          <params>
            <param index="0">
              <value>
                <![CDATA[Mr.]]>
              </value>
            </param>
            <param index="1">
              <value>
                <![CDATA[delli]]>
              </value>
            </param>
            <param index="2">
              <value>
                <![CDATA[kumar]]>
              </value>
            </param>
            <param index="3">
              <value>
                <![CDATA[google]]>
              </value>
            </param>
          </params>
          <reporter-output>
          </reporter-output>
        </test-method> <!-- verifyCreateNewContact -->
        <test-method status="PASS" signature="tearDown()[pri:0, instance:com.crm.qa.testcases.ContactsPageTest@3f2a3a5]" name="tearDown" is-config="true" duration-ms="735" started-at="2018-06-27T17:13:08Z" finished-at="2018-06-27T17:13:09Z">
          <reporter-output>
          </reporter-output>
        </test-method> <!-- tearDown -->
        <test-method status="PASS" signature="setup()[pri:0, instance:com.crm.qa.testcases.ContactsPageTest@3f2a3a5]" name="setup" is-config="true" duration-ms="19569" started-at="2018-06-27T17:13:09Z" finished-at="2018-06-27T17:13:28Z">
          <reporter-output>
          </reporter-output>
        </test-method> <!-- setup -->
        <test-method status="PASS" signature="verifyCreateNewContact(java.lang.String, java.lang.String, java.lang.String, java.lang.String)[pri:3, instance:com.crm.qa.testcases.ContactsPageTest@3f2a3a5]" name="verifyCreateNewContact" duration-ms="4263" started-at="2018-06-27T17:13:28Z" data-provider="getCRMTestData" finished-at="2018-06-27T17:13:33Z">
          <params>
            <param index="0">
              <value>
                <![CDATA[Mrs.]]>
              </value>
            </param>
            <param index="1">
              <value>
                <![CDATA[prasad]]>
              </value>
            </param>
            <param index="2">
              <value>
                <![CDATA[john]]>
              </value>
            </param>
            <param index="3">
              <value>
                <![CDATA[axis]]>
              </value>
            </param>
          </params>
          <reporter-output>
          </reporter-output>
        </test-method> <!-- verifyCreateNewContact -->
        <test-method status="PASS" signature="tearDown()[pri:0, instance:com.crm.qa.testcases.ContactsPageTest@3f2a3a5]" name="tearDown" is-config="true" duration-ms="712" started-at="2018-06-27T17:13:33Z" finished-at="2018-06-27T17:13:33Z">
          <reporter-output>
          </reporter-output>
        </test-method> <!-- tearDown -->
        <test-method status="PASS" signature="setup()[pri:0, instance:com.crm.qa.testcases.ContactsPageTest@3f2a3a5]" name="setup" is-config="true" duration-ms="24337" started-at="2018-06-27T17:13:33Z" finished-at="2018-06-27T17:13:58Z">
          <reporter-output>
          </reporter-output>
        </test-method> <!-- setup -->
        <test-method status="PASS" signature="verifyCreateNewContact(java.lang.String, java.lang.String, java.lang.String, java.lang.String)[pri:3, instance:com.crm.qa.testcases.ContactsPageTest@3f2a3a5]" name="verifyCreateNewContact" duration-ms="6373" started-at="2018-06-27T17:13:58Z" data-provider="getCRMTestData" finished-at="2018-06-27T17:14:04Z">
          <params>
            <param index="0">
              <value>
                <![CDATA[Dr.]]>
              </value>
            </param>
            <param index="1">
              <value>
                <![CDATA[chinna]]>
              </value>
            </param>
            <param index="2">
              <value>
                <![CDATA[reddy]]>
              </value>
            </param>
            <param index="3">
              <value>
                <![CDATA[icic]]>
              </value>
            </param>
          </params>
          <reporter-output>
          </reporter-output>
        </test-method> <!-- verifyCreateNewContact -->
        <test-method status="PASS" signature="tearDown()[pri:0, instance:com.crm.qa.testcases.ContactsPageTest@3f2a3a5]" name="tearDown" is-config="true" duration-ms="725" started-at="2018-06-27T17:14:04Z" finished-at="2018-06-27T17:14:05Z">
          <reporter-output>
          </reporter-output>
        </test-method> <!-- tearDown -->
        <test-method status="PASS" signature="setup()[pri:0, instance:com.crm.qa.testcases.ContactsPageTest@3f2a3a5]" name="setup" is-config="true" duration-ms="26441" started-at="2018-06-27T17:14:05Z" finished-at="2018-06-27T17:14:31Z">
          <reporter-output>
          </reporter-output>
        </test-method> <!-- setup -->
        <test-method status="PASS" signature="verifyCreateNewContact(java.lang.String, java.lang.String, java.lang.String, java.lang.String)[pri:3, instance:com.crm.qa.testcases.ContactsPageTest@3f2a3a5]" name="verifyCreateNewContact" duration-ms="4216" started-at="2018-06-27T17:14:31Z" data-provider="getCRMTestData" finished-at="2018-06-27T17:14:35Z">
          <params>
            <param index="0">
              <value>
                <![CDATA[Miss]]>
              </value>
            </param>
            <param index="1">
              <value>
                <![CDATA[latha]]>
              </value>
            </param>
            <param index="2">
              <value>
                <![CDATA[reddy]]>
              </value>
            </param>
            <param index="3">
              <value>
                <![CDATA[cognizant]]>
              </value>
            </param>
          </params>
          <reporter-output>
          </reporter-output>
        </test-method> <!-- verifyCreateNewContact -->
        <test-method status="PASS" signature="tearDown()[pri:0, instance:com.crm.qa.testcases.ContactsPageTest@3f2a3a5]" name="tearDown" is-config="true" duration-ms="710" started-at="2018-06-27T17:14:35Z" finished-at="2018-06-27T17:14:36Z">
          <reporter-output>
          </reporter-output>
        </test-method> <!-- tearDown -->
      </class> <!-- com.crm.qa.testcases.ContactsPageTest -->
      <class name="com.crm.qa.testcases.LoginTestCase">
        <test-method status="PASS" signature="setup()[pri:0, instance:com.crm.qa.testcases.LoginTestCase@4cb2c100]" name="setup" is-config="true" duration-ms="11617" started-at="2018-06-27T17:11:59Z" finished-at="2018-06-27T17:12:10Z">
          <reporter-output>
          </reporter-output>
        </test-method> <!-- setup -->
        <test-method status="PASS" signature="crmTitleTest()[pri:1, instance:com.crm.qa.testcases.LoginTestCase@4cb2c100]" name="crmTitleTest" duration-ms="75" started-at="2018-06-27T17:12:10Z" finished-at="2018-06-27T17:12:10Z">
          <reporter-output>
          </reporter-output>
        </test-method> <!-- crmTitleTest -->
        <test-method status="PASS" signature="tearDown()[pri:0, instance:com.crm.qa.testcases.LoginTestCase@4cb2c100]" name="tearDown" is-config="true" duration-ms="744" started-at="2018-06-27T17:12:10Z" finished-at="2018-06-27T17:12:11Z">
          <reporter-output>
          </reporter-output>
        </test-method> <!-- tearDown -->
        <test-method status="PASS" signature="setup()[pri:0, instance:com.crm.qa.testcases.LoginTestCase@4cb2c100]" name="setup" is-config="true" duration-ms="12100" started-at="2018-06-27T17:12:30Z" finished-at="2018-06-27T17:12:42Z">
          <reporter-output>
          </reporter-output>
        </test-method> <!-- setup -->
        <test-method status="PASS" signature="loginTitleTest()[pri:2, instance:com.crm.qa.testcases.LoginTestCase@4cb2c100]" name="loginTitleTest" duration-ms="65" started-at="2018-06-27T17:12:42Z" finished-at="2018-06-27T17:12:42Z">
          <reporter-output>
          </reporter-output>
        </test-method> <!-- loginTitleTest -->
        <test-method status="PASS" signature="tearDown()[pri:0, instance:com.crm.qa.testcases.LoginTestCase@4cb2c100]" name="tearDown" is-config="true" duration-ms="728" started-at="2018-06-27T17:12:42Z" finished-at="2018-06-27T17:12:43Z">
          <reporter-output>
          </reporter-output>
        </test-method> <!-- tearDown -->
        <test-method status="PASS" signature="setup()[pri:0, instance:com.crm.qa.testcases.LoginTestCase@4cb2c100]" name="setup" is-config="true" duration-ms="11519" started-at="2018-06-27T17:14:36Z" finished-at="2018-06-27T17:14:48Z">
          <reporter-output>
          </reporter-output>
        </test-method> <!-- setup -->
        <test-method status="PASS" signature="loginTest()[pri:3, instance:com.crm.qa.testcases.LoginTestCase@4cb2c100]" name="loginTest" duration-ms="5480" started-at="2018-06-27T17:14:48Z" finished-at="2018-06-27T17:14:53Z">
          <reporter-output>
          </reporter-output>
        </test-method> <!-- loginTest -->
        <test-method status="PASS" signature="tearDown()[pri:0, instance:com.crm.qa.testcases.LoginTestCase@4cb2c100]" name="tearDown" is-config="true" duration-ms="695" started-at="2018-06-27T17:14:53Z" finished-at="2018-06-27T17:14:54Z">
          <reporter-output>
          </reporter-output>
        </test-method> <!-- tearDown -->
      </class> <!-- com.crm.qa.testcases.LoginTestCase -->
    </test> <!-- Command line test -->
  </suite> <!-- Command line suite -->
</testng-results>
