<?xml version="1.0" encoding="UTF-8"?>
<testng-results skipped="0" failed="0" ignored="0" total="12" passed="12">
  <reporter-output>
  </reporter-output>
  <suite name="Suite" duration-ms="819245" started-at="2018-06-27T11:24:51Z" finished-at="2018-06-27T11:38:30Z">
    <groups>
    </groups>
    <test name="Test" duration-ms="819245" started-at="2018-06-27T11:24:51Z" finished-at="2018-06-27T11:38:30Z">
      <class name="com.crm.qa.testcases.ContactsPageTest">
        <test-method status="PASS" signature="setup()[pri:0, instance:com.crm.qa.testcases.ContactsPageTest@589838eb]" name="setup" is-config="true" duration-ms="113935" started-at="2018-06-27T11:27:23Z" finished-at="2018-06-27T11:29:17Z">
          <reporter-output>
          </reporter-output>
        </test-method> <!-- setup -->
        <test-method status="PASS" signature="verifyContactLabelTest()[pri:1, instance:com.crm.qa.testcases.ContactsPageTest@589838eb]" name="verifyContactLabelTest" duration-ms="43" started-at="2018-06-27T11:29:17Z" finished-at="2018-06-27T11:29:17Z">
          <reporter-output>
          </reporter-output>
        </test-method> <!-- verifyContactLabelTest -->
        <test-method status="PASS" signature="tearDown()[pri:0, instance:com.crm.qa.testcases.ContactsPageTest@589838eb]" name="tearDown" is-config="true" duration-ms="754" started-at="2018-06-27T11:29:17Z" finished-at="2018-06-27T11:29:18Z">
          <reporter-output>
          </reporter-output>
        </test-method> <!-- tearDown -->
        <test-method status="PASS" signature="setup()[pri:0, instance:com.crm.qa.testcases.ContactsPageTest@589838eb]" name="setup" is-config="true" duration-ms="56379" started-at="2018-06-27T11:31:05Z" finished-at="2018-06-27T11:32:01Z">
          <reporter-output>
          </reporter-output>
        </test-method> <!-- setup -->
        <test-method status="PASS" signature="clickOnSelectedContact()[pri:2, instance:com.crm.qa.testcases.ContactsPageTest@589838eb]" name="clickOnSelectedContact" duration-ms="168" started-at="2018-06-27T11:32:01Z" finished-at="2018-06-27T11:32:01Z">
          <reporter-output>
          </reporter-output>
        </test-method> <!-- clickOnSelectedContact -->
        <test-method status="PASS" signature="tearDown()[pri:0, instance:com.crm.qa.testcases.ContactsPageTest@589838eb]" name="tearDown" is-config="true" duration-ms="708" started-at="2018-06-27T11:32:01Z" finished-at="2018-06-27T11:32:02Z">
          <reporter-output>
          </reporter-output>
        </test-method> <!-- tearDown -->
        <test-method status="PASS" signature="setup()[pri:0, instance:com.crm.qa.testcases.ContactsPageTest@589838eb]" name="setup" is-config="true" duration-ms="64449" started-at="2018-06-27T11:33:53Z" finished-at="2018-06-27T11:34:57Z">
          <reporter-output>
          </reporter-output>
        </test-method> <!-- setup -->
        <test-method status="PASS" signature="verifyCreateNewContact(java.lang.String, java.lang.String, java.lang.String, java.lang.String)[pri:3, instance:com.crm.qa.testcases.ContactsPageTest@589838eb]" name="verifyCreateNewContact" duration-ms="21786" started-at="2018-06-27T11:34:57Z" data-provider="getCRMTestData" finished-at="2018-06-27T11:35:19Z">
          <params>
            <param index="0">
              <value>
                <![CDATA[Mr.]]>
              </value>
            </param>
            <param index="1">
              <value>
                <![CDATA[delli]]>
              </value>
            </param>
            <param index="2">
              <value>
                <![CDATA[kumar]]>
              </value>
            </param>
            <param index="3">
              <value>
                <![CDATA[google]]>
              </value>
            </param>
          </params>
          <reporter-output>
          </reporter-output>
        </test-method> <!-- verifyCreateNewContact -->
        <test-method status="PASS" signature="tearDown()[pri:0, instance:com.crm.qa.testcases.ContactsPageTest@589838eb]" name="tearDown" is-config="true" duration-ms="739" started-at="2018-06-27T11:35:19Z" finished-at="2018-06-27T11:35:20Z">
          <reporter-output>
          </reporter-output>
        </test-method> <!-- tearDown -->
        <test-method status="PASS" signature="setup()[pri:0, instance:com.crm.qa.testcases.ContactsPageTest@589838eb]" name="setup" is-config="true" duration-ms="56069" started-at="2018-06-27T11:35:20Z" finished-at="2018-06-27T11:36:16Z">
          <reporter-output>
          </reporter-output>
        </test-method> <!-- setup -->
        <test-method status="PASS" signature="verifyCreateNewContact(java.lang.String, java.lang.String, java.lang.String, java.lang.String)[pri:3, instance:com.crm.qa.testcases.ContactsPageTest@589838eb]" name="verifyCreateNewContact" duration-ms="15630" started-at="2018-06-27T11:36:16Z" data-provider="getCRMTestData" finished-at="2018-06-27T11:36:32Z">
          <params>
            <param index="0">
              <value>
                <![CDATA[Mrs.]]>
              </value>
            </param>
            <param index="1">
              <value>
                <![CDATA[prasad]]>
              </value>
            </param>
            <param index="2">
              <value>
                <![CDATA[john]]>
              </value>
            </param>
            <param index="3">
              <value>
                <![CDATA[axis]]>
              </value>
            </param>
          </params>
          <reporter-output>
          </reporter-output>
        </test-method> <!-- verifyCreateNewContact -->
        <test-method status="PASS" signature="tearDown()[pri:0, instance:com.crm.qa.testcases.ContactsPageTest@589838eb]" name="tearDown" is-config="true" duration-ms="723" started-at="2018-06-27T11:36:32Z" finished-at="2018-06-27T11:36:32Z">
          <reporter-output>
          </reporter-output>
        </test-method> <!-- tearDown -->
        <test-method status="PASS" signature="setup()[pri:0, instance:com.crm.qa.testcases.ContactsPageTest@589838eb]" name="setup" is-config="true" duration-ms="43427" started-at="2018-06-27T11:36:32Z" finished-at="2018-06-27T11:37:16Z">
          <reporter-output>
          </reporter-output>
        </test-method> <!-- setup -->
        <test-method status="PASS" signature="verifyCreateNewContact(java.lang.String, java.lang.String, java.lang.String, java.lang.String)[pri:3, instance:com.crm.qa.testcases.ContactsPageTest@589838eb]" name="verifyCreateNewContact" duration-ms="8911" started-at="2018-06-27T11:37:16Z" data-provider="getCRMTestData" finished-at="2018-06-27T11:37:25Z">
          <params>
            <param index="0">
              <value>
                <![CDATA[Dr.]]>
              </value>
            </param>
            <param index="1">
              <value>
                <![CDATA[chinna]]>
              </value>
            </param>
            <param index="2">
              <value>
                <![CDATA[reddy]]>
              </value>
            </param>
            <param index="3">
              <value>
                <![CDATA[icic]]>
              </value>
            </param>
          </params>
          <reporter-output>
          </reporter-output>
        </test-method> <!-- verifyCreateNewContact -->
        <test-method status="PASS" signature="tearDown()[pri:0, instance:com.crm.qa.testcases.ContactsPageTest@589838eb]" name="tearDown" is-config="true" duration-ms="798" started-at="2018-06-27T11:37:25Z" finished-at="2018-06-27T11:37:25Z">
          <reporter-output>
          </reporter-output>
        </test-method> <!-- tearDown -->
        <test-method status="PASS" signature="setup()[pri:0, instance:com.crm.qa.testcases.ContactsPageTest@589838eb]" name="setup" is-config="true" duration-ms="52353" started-at="2018-06-27T11:37:25Z" finished-at="2018-06-27T11:38:18Z">
          <reporter-output>
          </reporter-output>
        </test-method> <!-- setup -->
        <test-method status="PASS" signature="verifyCreateNewContact(java.lang.String, java.lang.String, java.lang.String, java.lang.String)[pri:3, instance:com.crm.qa.testcases.ContactsPageTest@589838eb]" name="verifyCreateNewContact" duration-ms="11389" started-at="2018-06-27T11:38:18Z" data-provider="getCRMTestData" finished-at="2018-06-27T11:38:29Z">
          <params>
            <param index="0">
              <value>
                <![CDATA[Miss]]>
              </value>
            </param>
            <param index="1">
              <value>
                <![CDATA[latha]]>
              </value>
            </param>
            <param index="2">
              <value>
                <![CDATA[reddy]]>
              </value>
            </param>
            <param index="3">
              <value>
                <![CDATA[cognizant]]>
              </value>
            </param>
          </params>
          <reporter-output>
          </reporter-output>
        </test-method> <!-- verifyCreateNewContact -->
        <test-method status="PASS" signature="tearDown()[pri:0, instance:com.crm.qa.testcases.ContactsPageTest@589838eb]" name="tearDown" is-config="true" duration-ms="724" started-at="2018-06-27T11:38:29Z" finished-at="2018-06-27T11:38:30Z">
          <reporter-output>
          </reporter-output>
        </test-method> <!-- tearDown -->
      </class> <!-- com.crm.qa.testcases.ContactsPageTest -->
      <class name="com.crm.qa.testcases.LoginTestCase">
        <test-method status="PASS" signature="setup()[pri:0, instance:com.crm.qa.testcases.LoginTestCase@4f7d0008]" name="setup" is-config="true" duration-ms="39666" started-at="2018-06-27T11:24:51Z" finished-at="2018-06-27T11:25:30Z">
          <reporter-output>
          </reporter-output>
        </test-method> <!-- setup -->
        <test-method status="PASS" signature="crmTitleTest()[pri:1, instance:com.crm.qa.testcases.LoginTestCase@4f7d0008]" name="crmTitleTest" duration-ms="75" started-at="2018-06-27T11:25:30Z" finished-at="2018-06-27T11:25:30Z">
          <reporter-output>
          </reporter-output>
        </test-method> <!-- crmTitleTest -->
        <test-method status="PASS" signature="tearDown()[pri:0, instance:com.crm.qa.testcases.LoginTestCase@4f7d0008]" name="tearDown" is-config="true" duration-ms="710" started-at="2018-06-27T11:25:30Z" finished-at="2018-06-27T11:25:31Z">
          <reporter-output>
          </reporter-output>
        </test-method> <!-- tearDown -->
        <test-method status="PASS" signature="setup()[pri:0, instance:com.crm.qa.testcases.LoginTestCase@4f7d0008]" name="setup" is-config="true" duration-ms="23696" started-at="2018-06-27T11:29:18Z" finished-at="2018-06-27T11:29:41Z">
          <reporter-output>
          </reporter-output>
        </test-method> <!-- setup -->
        <test-method status="PASS" signature="loginTitleTest()[pri:2, instance:com.crm.qa.testcases.LoginTestCase@4f7d0008]" name="loginTitleTest" duration-ms="21" started-at="2018-06-27T11:29:41Z" finished-at="2018-06-27T11:29:41Z">
          <reporter-output>
          </reporter-output>
        </test-method> <!-- loginTitleTest -->
        <test-method status="PASS" signature="tearDown()[pri:0, instance:com.crm.qa.testcases.LoginTestCase@4f7d0008]" name="tearDown" is-config="true" duration-ms="746" started-at="2018-06-27T11:29:41Z" finished-at="2018-06-27T11:29:42Z">
          <reporter-output>
          </reporter-output>
        </test-method> <!-- tearDown -->
        <test-method status="PASS" signature="setup()[pri:0, instance:com.crm.qa.testcases.LoginTestCase@4f7d0008]" name="setup" is-config="true" duration-ms="24438" started-at="2018-06-27T11:32:02Z" finished-at="2018-06-27T11:32:26Z">
          <reporter-output>
          </reporter-output>
        </test-method> <!-- setup -->
        <test-method status="PASS" signature="loginTest()[pri:3, instance:com.crm.qa.testcases.LoginTestCase@4f7d0008]" name="loginTest" duration-ms="23907" started-at="2018-06-27T11:32:26Z" finished-at="2018-06-27T11:32:50Z">
          <reporter-output>
          </reporter-output>
        </test-method> <!-- loginTest -->
        <test-method status="PASS" signature="tearDown()[pri:0, instance:com.crm.qa.testcases.LoginTestCase@4f7d0008]" name="tearDown" is-config="true" duration-ms="715" started-at="2018-06-27T11:32:50Z" finished-at="2018-06-27T11:32:51Z">
          <reporter-output>
          </reporter-output>
        </test-method> <!-- tearDown -->
      </class> <!-- com.crm.qa.testcases.LoginTestCase -->
      <class name="com.crm.qa.testcases.HomePageTestcase">
        <test-method status="PASS" signature="setUp()[pri:0, instance:com.crm.qa.testcases.HomePageTestcase@271053e1]" name="setUp" is-config="true" duration-ms="111076" started-at="2018-06-27T11:25:31Z" finished-at="2018-06-27T11:27:22Z">
          <reporter-output>
          </reporter-output>
        </test-method> <!-- setUp -->
        <test-method status="PASS" signature="verifyHomePageTitle()[pri:1, instance:com.crm.qa.testcases.HomePageTestcase@271053e1]" name="verifyHomePageTitle" duration-ms="14" started-at="2018-06-27T11:27:22Z" finished-at="2018-06-27T11:27:22Z">
          <reporter-output>
          </reporter-output>
        </test-method> <!-- verifyHomePageTitle -->
        <test-method status="PASS" signature="tearDown()[pri:0, instance:com.crm.qa.testcases.HomePageTestcase@271053e1]" name="tearDown" is-config="true" duration-ms="737" started-at="2018-06-27T11:27:22Z" finished-at="2018-06-27T11:27:23Z">
          <reporter-output>
          </reporter-output>
        </test-method> <!-- tearDown -->
        <test-method status="PASS" signature="setUp()[pri:0, instance:com.crm.qa.testcases.HomePageTestcase@271053e1]" name="setUp" is-config="true" duration-ms="81767" started-at="2018-06-27T11:29:42Z" finished-at="2018-06-27T11:31:04Z">
          <reporter-output>
          </reporter-output>
        </test-method> <!-- setUp -->
        <test-method status="PASS" signature="verifyUserName()[pri:2, instance:com.crm.qa.testcases.HomePageTestcase@271053e1]" name="verifyUserName" duration-ms="94" started-at="2018-06-27T11:31:04Z" finished-at="2018-06-27T11:31:04Z">
          <reporter-output>
          </reporter-output>
        </test-method> <!-- verifyUserName -->
        <test-method status="PASS" signature="tearDown()[pri:0, instance:com.crm.qa.testcases.HomePageTestcase@271053e1]" name="tearDown" is-config="true" duration-ms="725" started-at="2018-06-27T11:31:04Z" finished-at="2018-06-27T11:31:05Z">
          <reporter-output>
          </reporter-output>
        </test-method> <!-- tearDown -->
        <test-method status="PASS" signature="setUp()[pri:0, instance:com.crm.qa.testcases.HomePageTestcase@271053e1]" name="setUp" is-config="true" duration-ms="54540" started-at="2018-06-27T11:32:51Z" finished-at="2018-06-27T11:33:46Z">
          <reporter-output>
          </reporter-output>
        </test-method> <!-- setUp -->
        <test-method status="PASS" signature="verifyClickContactLink()[pri:3, instance:com.crm.qa.testcases.HomePageTestcase@271053e1]" name="verifyClickContactLink" duration-ms="5851" started-at="2018-06-27T11:33:46Z" finished-at="2018-06-27T11:33:51Z">
          <reporter-output>
          </reporter-output>
        </test-method> <!-- verifyClickContactLink -->
        <test-method status="PASS" signature="tearDown()[pri:0, instance:com.crm.qa.testcases.HomePageTestcase@271053e1]" name="tearDown" is-config="true" duration-ms="746" started-at="2018-06-27T11:33:51Z" finished-at="2018-06-27T11:33:52Z">
          <reporter-output>
          </reporter-output>
        </test-method> <!-- tearDown -->
      </class> <!-- com.crm.qa.testcases.HomePageTestcase -->
    </test> <!-- Test -->
  </suite> <!-- Suite -->
</testng-results>
